<?xml version="1.0" encoding="UTF-8" standalone="no"?>
<testsuite errors="0" failures="0" name="io.cucumber.core.plugin.JUnitFormatter" skipped="0" tests="1" time="29.369">
    <testcase classname="Feature to test company carrer page functionality" name="XRAY-009 Verify that a maximum of 10 jobs are displayed initially, and clicking the Load More" time="29.128">
        <system-out><![CDATA[Given I launch company career page..........................................passed
And I click required type company career page...............................passed
And I select "India" as a country in dropdown...............................passed
When I click search button..................................................passed
Then I verify mentioned no of  jobs displayed...............................passed
When I click load more buttton..............................................passed
Then I verify mentioned no of  jobs displayed...............................passed
]]></system-out>
    </testcase>
</testsuite>
